app/build/intermediates/manifest_merge_blame_file/debug/manifest-merger-blame-debug-report.txt
1<?xml version="1.0" encoding="utf-8"?>
2<manifest xmlns:android="http://schemas.android.com/apk/res/android"
3    package="com.rudy.stockmarketapp"
4    android:versionCode="1"
5    android:versionName="1.0" >
6
7    <uses-sdk
8        android:minSdkVersion="28"
8-->src\main\AndroidManifest.xml
9        android:targetSdkVersion="34" />
9-->src\main\AndroidManifest.xml
10
11    <uses-permission android:name="android.permission.INTERNET" />
11-->src\main\AndroidManifest.xml:5:5-67
11-->src\main\AndroidManifest.xml:5:22-64
12
13    <application
13-->src\main\AndroidManifest.xml:7:5-25:19
14        android:name="com.rudy.stockmarketapp.StockApplication"
14-->src\main\AndroidManifest.xml:8:9-64
15        android:allowBackup="true"
15-->src\main\AndroidManifest.xml:9:9-35
16        android:appComponentFactory="androidx.core.app.CoreComponentFactory"
16-->[androidx.core:core:1.9.0-alpha02] AndroidManifest.xml:24:18-86
17        android:debuggable="true"
18        android:extractNativeLibs="false"
19        android:icon="@mipmap/ic_launcher"
19-->src\main\AndroidManifest.xml:10:9-43
20        android:label="@string/app_name"
20-->src\main\AndroidManifest.xml:11:9-41
21        android:roundIcon="@mipmap/ic_launcher_round"
21-->src\main\AndroidManifest.xml:12:9-54
22        android:supportsRtl="true"
22-->src\main\AndroidManifest.xml:13:9-35
23        android:testOnly="true"
24        android:theme="@style/Theme.StockMarketApp" >
24-->src\main\AndroidManifest.xml:14:9-52
25        <activity
25-->src\main\AndroidManifest.xml:15:9-24:20
26            android:name="com.rudy.stockmarketapp.MainActivity"
26-->src\main\AndroidManifest.xml:16:13-64
27            android:exported="true"
27-->src\main\AndroidManifest.xml:17:13-36
28            android:label="@string/app_name"
28-->src\main\AndroidManifest.xml:18:13-45
29            android:theme="@style/Theme.StockMarketApp" >
29-->src\main\AndroidManifest.xml:19:13-56
30            <intent-filter>
30-->src\main\AndroidManifest.xml:20:13-23:29
31                <action android:name="android.intent.action.MAIN" />
31-->src\main\AndroidManifest.xml:21:17-69
31-->src\main\AndroidManifest.xml:21:25-66
32
33                <category android:name="android.intent.category.LAUNCHER" />
33-->src\main\AndroidManifest.xml:22:17-77
33-->src\main\AndroidManifest.xml:22:27-74
34            </intent-filter>
35        </activity>
36        <activity
36-->[androidx.compose.ui:ui-tooling:1.1.1] AndroidManifest.xml:25:9-27:39
37            android:name="androidx.compose.ui.tooling.PreviewActivity"
37-->[androidx.compose.ui:ui-tooling:1.1.1] AndroidManifest.xml:26:13-71
38            android:exported="true" />
38-->[androidx.compose.ui:ui-tooling:1.1.1] AndroidManifest.xml:27:13-36
39
40        <service
40-->[androidx.room:room-runtime:2.4.2] AndroidManifest.xml:25:9-28:40
41            android:name="androidx.room.MultiInstanceInvalidationService"
41-->[androidx.room:room-runtime:2.4.2] AndroidManifest.xml:26:13-74
42            android:directBootAware="true"
42-->[androidx.room:room-runtime:2.4.2] AndroidManifest.xml:27:13-43
43            android:exported="false" />
43-->[androidx.room:room-runtime:2.4.2] AndroidManifest.xml:28:13-37
44
45        <provider
45-->[androidx.profileinstaller:profileinstaller:1.2.0-alpha02] AndroidManifest.xml:26:9-34:20
46            android:name="androidx.startup.InitializationProvider"
46-->[androidx.profileinstaller:profileinstaller:1.2.0-alpha02] AndroidManifest.xml:27:13-67
47            android:authorities="com.rudy.stockmarketapp.androidx-startup"
47-->[androidx.profileinstaller:profileinstaller:1.2.0-alpha02] AndroidManifest.xml:28:13-68
48            android:exported="false" >
48-->[androidx.profileinstaller:profileinstaller:1.2.0-alpha02] AndroidManifest.xml:29:13-37
49            <meta-data
49-->[androidx.profileinstaller:profileinstaller:1.2.0-alpha02] AndroidManifest.xml:31:13-33:52
50                android:name="androidx.profileinstaller.ProfileInstallerInitializer"
50-->[androidx.profileinstaller:profileinstaller:1.2.0-alpha02] AndroidManifest.xml:32:17-85
51                android:value="androidx.startup" />
51-->[androidx.profileinstaller:profileinstaller:1.2.0-alpha02] AndroidManifest.xml:33:17-49
52        </provider>
53
54        <receiver
54-->[androidx.profileinstaller:profileinstaller:1.2.0-alpha02] AndroidManifest.xml:36:9-45:20
55            android:name="androidx.profileinstaller.ProfileInstallReceiver"
55-->[androidx.profileinstaller:profileinstaller:1.2.0-alpha02] AndroidManifest.xml:37:13-76
56            android:directBootAware="false"
56-->[androidx.profileinstaller:profileinstaller:1.2.0-alpha02] AndroidManifest.xml:38:13-44
57            android:enabled="true"
57-->[androidx.profileinstaller:profileinstaller:1.2.0-alpha02] AndroidManifest.xml:39:13-35
58            android:exported="true"
58-->[androidx.profileinstaller:profileinstaller:1.2.0-alpha02] AndroidManifest.xml:40:13-36
59            android:permission="android.permission.DUMP" >
59-->[androidx.profileinstaller:profileinstaller:1.2.0-alpha02] AndroidManifest.xml:41:13-57
60            <intent-filter>
60-->[androidx.profileinstaller:profileinstaller:1.2.0-alpha02] AndroidManifest.xml:42:13-44:29
61                <action android:name="androidx.profileinstaller.action.INSTALL_PROFILE" />
61-->[androidx.profileinstaller:profileinstaller:1.2.0-alpha02] AndroidManifest.xml:43:17-91
61-->[androidx.profileinstaller:profileinstaller:1.2.0-alpha02] AndroidManifest.xml:43:25-88
62            </intent-filter>
63        </receiver>
64    </application>
65
66</manifest>